Compiled jquery.js  (2ms)  (pid 9777)
Compiled jquery_ujs.js  (0ms)  (pid 9777)
Compiled jquery-ui.js  (4ms)  (pid 9777)
Compiled jquery.fileupload.js  (0ms)  (pid 9777)
Compiled jquery.fileupload-fp.js  (0ms)  (pid 9777)
Compiled jquery.fileupload-ui.js  (0ms)  (pid 9777)
Compiled jquery.ui.widget.js  (0ms)  (pid 9777)
Compiled jquery.iframe-transport.js  (0ms)  (pid 9777)
Compiled jquery_ujs_multipart_xhr.js  (0ms)  (pid 9777)
Compiled locale.js  (0ms)  (pid 9777)
Compiled main.js  (0ms)  (pid 9777)
Compiled jquery.jplayer.min.js  (0ms)  (pid 9777)
Compiled jplayer.playlist.min.js  (0ms)  (pid 9777)
Compiled twitter/bootstrap/bootstrap-transition.js  (0ms)  (pid 9777)
Compiled twitter/bootstrap/bootstrap-alert.js  (0ms)  (pid 9777)
Compiled twitter/bootstrap/bootstrap-modal.js  (0ms)  (pid 9777)
Compiled twitter/bootstrap/bootstrap-dropdown.js  (0ms)  (pid 9777)
Compiled twitter/bootstrap/bootstrap-scrollspy.js  (0ms)  (pid 9777)
Compiled twitter/bootstrap/bootstrap-tab.js  (0ms)  (pid 9777)
Compiled twitter/bootstrap/bootstrap-tooltip.js  (0ms)  (pid 9777)
Compiled twitter/bootstrap/bootstrap-popover.js  (0ms)  (pid 9777)
Compiled twitter/bootstrap/bootstrap-button.js  (0ms)  (pid 9777)
Compiled twitter/bootstrap/bootstrap-collapse.js  (0ms)  (pid 9777)
Compiled twitter/bootstrap/bootstrap-carousel.js  (0ms)  (pid 9777)
Compiled twitter/bootstrap/bootstrap-typeahead.js  (0ms)  (pid 9777)
Compiled twitter/bootstrap.js  (168ms)  (pid 9777)
Compiled jquery_nested_form.js  (0ms)  (pid 9777)
Compiled jquery.sausage.js  (0ms)  (pid 9777)
Compiled active_admin.js  (0ms)  (pid 9777)
Compiled album_tracks.js  (84ms)  (pid 9777)
Compiled albums.js  (1ms)  (pid 9777)
Compiled bootstrap.js  (5ms)  (pid 9777)
Compiled carts.js  (0ms)  (pid 9777)
Compiled events.js  (0ms)  (pid 9777)
Compiled fan_bases.js  (0ms)  (pid 9777)
Compiled jquery.js_message.js  (0ms)  (pid 9777)
Compiled jquery.postmessage-transport.js  (0ms)  (pid 9777)
Compiled jquery.xdr-transport.js  (0ms)  (pid 9777)
Compiled labels.js  (0ms)  (pid 9777)
Compiled line_items.js  (0ms)  (pid 9777)
Compiled master_song_comments.js  (0ms)  (pid 9777)
Compiled master_song_relationships.js  (0ms)  (pid 9777)
Compiled master_songs.js  (0ms)  (pid 9777)
Compiled nested_form.js  (0ms)  (pid 9777)
Compiled omniauth_callbacks.js  (0ms)  (pid 9777)
Compiled pages.js  (0ms)  (pid 9777)
Compiled searches.js  (1ms)  (pid 9777)
Compiled song_up_votes.js  (0ms)  (pid 9777)
Compiled tmpl.min.js  (0ms)  (pid 9777)
Compiled user_song_uploads.js  (0ms)  (pid 9777)
Compiled application.js  (707ms)  (pid 9777)
Compiled carts.css  (0ms)  (pid 9777)
Compiled events.css  (12ms)  (pid 9777)
Compiled fan_bases.css  (0ms)  (pid 9777)
Compiled jplayer.blue.monday.css  (0ms)  (pid 9777)
Compiled line_items.css  (1ms)  (pid 9777)
Compiled master_songs.css  (0ms)  (pid 9777)
Compiled pages.css  (0ms)  (pid 9777)
Compiled labels.css  (0ms)  (pid 9777)
Compiled searches.css  (0ms)  (pid 9777)
Compiled user_access_requests.css  (0ms)  (pid 9777)
Compiled user_song_uploads.css  (0ms)  (pid 9777)
Compiled users.css  (0ms)  (pid 9777)
Compiled devise.css  (0ms)  (pid 9777)
Compiled bootstrap_and_overrides.css  (883ms)  (pid 9777)
Compiled jquery.fileupload-ui.css  (0ms)  (pid 9777)
Compiled application.css  (1075ms)  (pid 9777)
Compiled jquery.js  (3ms)  (pid 9804)
Compiled jquery_ujs.js  (0ms)  (pid 9804)
Compiled jquery-ui.js  (4ms)  (pid 9804)
Compiled jquery.fileupload.js  (1ms)  (pid 9804)
Compiled jquery.fileupload-fp.js  (0ms)  (pid 9804)
Compiled jquery.fileupload-ui.js  (0ms)  (pid 9804)
Compiled jquery.ui.widget.js  (0ms)  (pid 9804)
Compiled jquery.iframe-transport.js  (0ms)  (pid 9804)
Compiled jquery_ujs_multipart_xhr.js  (0ms)  (pid 9804)
Compiled locale.js  (0ms)  (pid 9804)
Compiled main.js  (0ms)  (pid 9804)
Compiled jquery.jplayer.min.js  (0ms)  (pid 9804)
Compiled jplayer.playlist.min.js  (0ms)  (pid 9804)
Compiled twitter/bootstrap/bootstrap-transition.js  (0ms)  (pid 9804)
Compiled twitter/bootstrap/bootstrap-alert.js  (0ms)  (pid 9804)
Compiled twitter/bootstrap/bootstrap-modal.js  (0ms)  (pid 9804)
Compiled twitter/bootstrap/bootstrap-dropdown.js  (0ms)  (pid 9804)
Compiled twitter/bootstrap/bootstrap-scrollspy.js  (0ms)  (pid 9804)
Compiled twitter/bootstrap/bootstrap-tab.js  (0ms)  (pid 9804)
Compiled twitter/bootstrap/bootstrap-tooltip.js  (0ms)  (pid 9804)
Compiled twitter/bootstrap/bootstrap-popover.js  (0ms)  (pid 9804)
Compiled twitter/bootstrap/bootstrap-button.js  (0ms)  (pid 9804)
Compiled twitter/bootstrap/bootstrap-collapse.js  (0ms)  (pid 9804)
Compiled twitter/bootstrap/bootstrap-carousel.js  (0ms)  (pid 9804)
Compiled twitter/bootstrap/bootstrap-typeahead.js  (0ms)  (pid 9804)
Compiled twitter/bootstrap.js  (232ms)  (pid 9804)
Compiled jquery_nested_form.js  (0ms)  (pid 9804)
Compiled jquery.sausage.js  (0ms)  (pid 9804)
Compiled active_admin.js  (0ms)  (pid 9804)
Compiled album_tracks.js  (94ms)  (pid 9804)
Compiled albums.js  (1ms)  (pid 9804)
Compiled bootstrap.js  (6ms)  (pid 9804)
Compiled carts.js  (1ms)  (pid 9804)
Compiled events.js  (0ms)  (pid 9804)
Compiled fan_bases.js  (0ms)  (pid 9804)
Compiled jquery.js_message.js  (0ms)  (pid 9804)
Compiled jquery.postmessage-transport.js  (0ms)  (pid 9804)
Compiled jquery.xdr-transport.js  (0ms)  (pid 9804)
Compiled labels.js  (0ms)  (pid 9804)
Compiled line_items.js  (4ms)  (pid 9804)
Compiled master_song_comments.js  (1ms)  (pid 9804)
Compiled master_song_relationships.js  (0ms)  (pid 9804)
Compiled master_songs.js  (1ms)  (pid 9804)
Compiled nested_form.js  (0ms)  (pid 9804)
Compiled omniauth_callbacks.js  (0ms)  (pid 9804)
Compiled pages.js  (0ms)  (pid 9804)
Compiled searches.js  (0ms)  (pid 9804)
Compiled song_up_votes.js  (0ms)  (pid 9804)
Compiled tmpl.min.js  (0ms)  (pid 9804)
Compiled user_song_uploads.js  (0ms)  (pid 9804)
Compiled application.js  (911ms)  (pid 9804)
Compiled carts.css  (0ms)  (pid 9804)
Compiled events.css  (13ms)  (pid 9804)
Compiled fan_bases.css  (1ms)  (pid 9804)
Compiled jplayer.blue.monday.css  (0ms)  (pid 9804)
Compiled line_items.css  (1ms)  (pid 9804)
Compiled master_songs.css  (0ms)  (pid 9804)
Compiled pages.css  (0ms)  (pid 9804)
Compiled labels.css  (0ms)  (pid 9804)
Compiled searches.css  (0ms)  (pid 9804)
Compiled user_access_requests.css  (0ms)  (pid 9804)
Compiled user_song_uploads.css  (0ms)  (pid 9804)
Compiled users.css  (0ms)  (pid 9804)
Compiled devise.css  (0ms)  (pid 9804)
Compiled bootstrap_and_overrides.css  (928ms)  (pid 9804)
Compiled jquery.fileupload-ui.css  (0ms)  (pid 9804)
Compiled application.css  (1156ms)  (pid 9804)
Compiled jquery.js  (2ms)  (pid 9827)
Compiled jquery_ujs.js  (0ms)  (pid 9827)
Compiled jquery-ui.js  (3ms)  (pid 9827)
Compiled jquery.fileupload.js  (0ms)  (pid 9827)
Compiled jquery.fileupload-fp.js  (0ms)  (pid 9827)
Compiled jquery.fileupload-ui.js  (0ms)  (pid 9827)
Compiled jquery.ui.widget.js  (0ms)  (pid 9827)
Compiled jquery.iframe-transport.js  (0ms)  (pid 9827)
Compiled jquery_ujs_multipart_xhr.js  (0ms)  (pid 9827)
Compiled locale.js  (0ms)  (pid 9827)
Compiled main.js  (0ms)  (pid 9827)
Compiled jquery.jplayer.min.js  (0ms)  (pid 9827)
Compiled jplayer.playlist.min.js  (0ms)  (pid 9827)
Compiled twitter/bootstrap/bootstrap-transition.js  (0ms)  (pid 9827)
Compiled twitter/bootstrap/bootstrap-alert.js  (0ms)  (pid 9827)
Compiled twitter/bootstrap/bootstrap-modal.js  (0ms)  (pid 9827)
Compiled twitter/bootstrap/bootstrap-dropdown.js  (0ms)  (pid 9827)
Compiled twitter/bootstrap/bootstrap-scrollspy.js  (0ms)  (pid 9827)
Compiled twitter/bootstrap/bootstrap-tab.js  (0ms)  (pid 9827)
Compiled twitter/bootstrap/bootstrap-tooltip.js  (0ms)  (pid 9827)
Compiled twitter/bootstrap/bootstrap-popover.js  (0ms)  (pid 9827)
Compiled twitter/bootstrap/bootstrap-button.js  (0ms)  (pid 9827)
Compiled twitter/bootstrap/bootstrap-collapse.js  (0ms)  (pid 9827)
Compiled twitter/bootstrap/bootstrap-carousel.js  (0ms)  (pid 9827)
Compiled twitter/bootstrap/bootstrap-typeahead.js  (0ms)  (pid 9827)
Compiled twitter/bootstrap.js  (169ms)  (pid 9827)
Compiled jquery_nested_form.js  (0ms)  (pid 9827)
Compiled jquery.sausage.js  (0ms)  (pid 9827)
Compiled active_admin.js  (0ms)  (pid 9827)
Compiled album_tracks.js  (79ms)  (pid 9827)
Compiled albums.js  (0ms)  (pid 9827)
Compiled bootstrap.js  (4ms)  (pid 9827)
Compiled carts.js  (0ms)  (pid 9827)
Compiled events.js  (0ms)  (pid 9827)
Compiled fan_bases.js  (0ms)  (pid 9827)
Compiled jquery.js_message.js  (0ms)  (pid 9827)
Compiled jquery.postmessage-transport.js  (0ms)  (pid 9827)
Compiled jquery.xdr-transport.js  (0ms)  (pid 9827)
Compiled labels.js  (0ms)  (pid 9827)
Compiled line_items.js  (0ms)  (pid 9827)
Compiled master_song_comments.js  (0ms)  (pid 9827)
Compiled master_song_relationships.js  (0ms)  (pid 9827)
Compiled master_songs.js  (0ms)  (pid 9827)
Compiled nested_form.js  (0ms)  (pid 9827)
Compiled omniauth_callbacks.js  (0ms)  (pid 9827)
Compiled pages.js  (0ms)  (pid 9827)
Compiled searches.js  (0ms)  (pid 9827)
Compiled song_up_votes.js  (0ms)  (pid 9827)
Compiled tmpl.min.js  (0ms)  (pid 9827)
Compiled user_song_uploads.js  (0ms)  (pid 9827)
Compiled application.js  (641ms)  (pid 9827)
Compiled carts.css  (0ms)  (pid 9827)
Compiled events.css  (14ms)  (pid 9827)
Compiled fan_bases.css  (0ms)  (pid 9827)
Compiled jplayer.blue.monday.css  (0ms)  (pid 9827)
Compiled line_items.css  (1ms)  (pid 9827)
Compiled master_songs.css  (0ms)  (pid 9827)
Compiled pages.css  (1ms)  (pid 9827)
Compiled labels.css  (0ms)  (pid 9827)
Compiled searches.css  (0ms)  (pid 9827)
Compiled user_access_requests.css  (0ms)  (pid 9827)
Compiled user_song_uploads.css  (0ms)  (pid 9827)
Compiled users.css  (0ms)  (pid 9827)
Compiled devise.css  (0ms)  (pid 9827)
Compiled bootstrap_and_overrides.css  (952ms)  (pid 9827)
Compiled jquery.fileupload-ui.css  (0ms)  (pid 9827)
Compiled application.css  (1198ms)  (pid 9827)
Compiled jquery.js  (2ms)  (pid 9848)
Compiled jquery_ujs.js  (0ms)  (pid 9848)
Compiled jquery-ui.js  (3ms)  (pid 9848)
Compiled jquery.fileupload.js  (0ms)  (pid 9848)
Compiled jquery.fileupload-fp.js  (0ms)  (pid 9848)
Compiled jquery.fileupload-ui.js  (0ms)  (pid 9848)
Compiled jquery.ui.widget.js  (0ms)  (pid 9848)
Compiled jquery.iframe-transport.js  (0ms)  (pid 9848)
Compiled jquery_ujs_multipart_xhr.js  (0ms)  (pid 9848)
Compiled locale.js  (0ms)  (pid 9848)
Compiled main.js  (0ms)  (pid 9848)
Compiled jquery.jplayer.min.js  (0ms)  (pid 9848)
Compiled jplayer.playlist.min.js  (0ms)  (pid 9848)
Compiled twitter/bootstrap/bootstrap-transition.js  (0ms)  (pid 9848)
Compiled twitter/bootstrap/bootstrap-alert.js  (0ms)  (pid 9848)
Compiled twitter/bootstrap/bootstrap-modal.js  (0ms)  (pid 9848)
Compiled twitter/bootstrap/bootstrap-dropdown.js  (0ms)  (pid 9848)
Compiled twitter/bootstrap/bootstrap-scrollspy.js  (0ms)  (pid 9848)
Compiled twitter/bootstrap/bootstrap-tab.js  (0ms)  (pid 9848)
Compiled twitter/bootstrap/bootstrap-tooltip.js  (0ms)  (pid 9848)
Compiled twitter/bootstrap/bootstrap-popover.js  (0ms)  (pid 9848)
Compiled twitter/bootstrap/bootstrap-button.js  (0ms)  (pid 9848)
Compiled twitter/bootstrap/bootstrap-collapse.js  (0ms)  (pid 9848)
Compiled twitter/bootstrap/bootstrap-carousel.js  (0ms)  (pid 9848)
Compiled twitter/bootstrap/bootstrap-typeahead.js  (0ms)  (pid 9848)
Compiled twitter/bootstrap.js  (189ms)  (pid 9848)
Compiled jquery_nested_form.js  (0ms)  (pid 9848)
Compiled jquery.sausage.js  (0ms)  (pid 9848)
Compiled active_admin.js  (0ms)  (pid 9848)
Compiled album_tracks.js  (71ms)  (pid 9848)
Compiled albums.js  (1ms)  (pid 9848)
Compiled bootstrap.js  (4ms)  (pid 9848)
Compiled carts.js  (0ms)  (pid 9848)
Compiled events.js  (0ms)  (pid 9848)
Compiled fan_bases.js  (0ms)  (pid 9848)
Compiled jquery.js_message.js  (0ms)  (pid 9848)
Compiled jquery.postmessage-transport.js  (0ms)  (pid 9848)
Compiled jquery.xdr-transport.js  (0ms)  (pid 9848)
Compiled labels.js  (0ms)  (pid 9848)
Compiled line_items.js  (0ms)  (pid 9848)
Compiled master_song_comments.js  (0ms)  (pid 9848)
Compiled master_song_relationships.js  (0ms)  (pid 9848)
Compiled master_songs.js  (0ms)  (pid 9848)
Compiled nested_form.js  (0ms)  (pid 9848)
Compiled omniauth_callbacks.js  (1ms)  (pid 9848)
Compiled pages.js  (0ms)  (pid 9848)
Compiled searches.js  (0ms)  (pid 9848)
Compiled song_up_votes.js  (0ms)  (pid 9848)
Compiled tmpl.min.js  (0ms)  (pid 9848)
Compiled user_song_uploads.js  (0ms)  (pid 9848)
Compiled application.js  (670ms)  (pid 9848)
Compiled carts.css  (0ms)  (pid 9848)
Compiled events.css  (16ms)  (pid 9848)
Compiled fan_bases.css  (0ms)  (pid 9848)
Compiled jplayer.blue.monday.css  (0ms)  (pid 9848)
Compiled line_items.css  (3ms)  (pid 9848)
Compiled master_songs.css  (0ms)  (pid 9848)
Compiled pages.css  (0ms)  (pid 9848)
Compiled labels.css  (0ms)  (pid 9848)
Compiled searches.css  (0ms)  (pid 9848)
Compiled user_access_requests.css  (0ms)  (pid 9848)
Compiled user_song_uploads.css  (0ms)  (pid 9848)
Compiled users.css  (0ms)  (pid 9848)
Compiled devise.css  (0ms)  (pid 9848)
Compiled bootstrap_and_overrides.css  (1206ms)  (pid 9848)
Compiled jquery.fileupload-ui.css  (0ms)  (pid 9848)
Compiled application.css  (1451ms)  (pid 9848)
Compiled jquery.js  (2ms)  (pid 9878)
Compiled jquery_ujs.js  (0ms)  (pid 9878)
Compiled jquery-ui.js  (5ms)  (pid 9878)
Compiled jquery.fileupload.js  (1ms)  (pid 9878)
Compiled jquery.fileupload-fp.js  (0ms)  (pid 9878)
Compiled jquery.fileupload-ui.js  (0ms)  (pid 9878)
Compiled jquery.ui.widget.js  (0ms)  (pid 9878)
Compiled jquery.iframe-transport.js  (0ms)  (pid 9878)
Compiled jquery_ujs_multipart_xhr.js  (0ms)  (pid 9878)
Compiled locale.js  (0ms)  (pid 9878)
Compiled main.js  (0ms)  (pid 9878)
Compiled jquery.jplayer.min.js  (0ms)  (pid 9878)
Compiled jplayer.playlist.min.js  (0ms)  (pid 9878)
Compiled twitter/bootstrap/bootstrap-transition.js  (0ms)  (pid 9878)
Compiled twitter/bootstrap/bootstrap-alert.js  (0ms)  (pid 9878)
Compiled twitter/bootstrap/bootstrap-modal.js  (0ms)  (pid 9878)
Compiled twitter/bootstrap/bootstrap-dropdown.js  (0ms)  (pid 9878)
Compiled twitter/bootstrap/bootstrap-scrollspy.js  (0ms)  (pid 9878)
Compiled twitter/bootstrap/bootstrap-tab.js  (0ms)  (pid 9878)
Compiled twitter/bootstrap/bootstrap-tooltip.js  (0ms)  (pid 9878)
Compiled twitter/bootstrap/bootstrap-popover.js  (0ms)  (pid 9878)
Compiled twitter/bootstrap/bootstrap-button.js  (0ms)  (pid 9878)
Compiled twitter/bootstrap/bootstrap-collapse.js  (0ms)  (pid 9878)
Compiled twitter/bootstrap/bootstrap-carousel.js  (0ms)  (pid 9878)
Compiled twitter/bootstrap/bootstrap-typeahead.js  (0ms)  (pid 9878)
Compiled twitter/bootstrap.js  (243ms)  (pid 9878)
Compiled jquery_nested_form.js  (0ms)  (pid 9878)
Compiled jquery.sausage.js  (0ms)  (pid 9878)
Compiled active_admin.js  (0ms)  (pid 9878)
Compiled album_tracks.js  (104ms)  (pid 9878)
Compiled albums.js  (1ms)  (pid 9878)
Compiled bootstrap.js  (6ms)  (pid 9878)
Compiled carts.js  (0ms)  (pid 9878)
Compiled events.js  (0ms)  (pid 9878)
Compiled fan_bases.js  (0ms)  (pid 9878)
Compiled jquery.js_message.js  (0ms)  (pid 9878)
Compiled jquery.postmessage-transport.js  (0ms)  (pid 9878)
Compiled jquery.xdr-transport.js  (0ms)  (pid 9878)
Compiled labels.js  (1ms)  (pid 9878)
Compiled line_items.js  (0ms)  (pid 9878)
Compiled master_song_comments.js  (0ms)  (pid 9878)
Compiled master_song_relationships.js  (0ms)  (pid 9878)
Compiled master_songs.js  (1ms)  (pid 9878)
Compiled nested_form.js  (0ms)  (pid 9878)
Compiled omniauth_callbacks.js  (0ms)  (pid 9878)
Compiled pages.js  (0ms)  (pid 9878)
Compiled searches.js  (1ms)  (pid 9878)
Compiled song_up_votes.js  (0ms)  (pid 9878)
Compiled tmpl.min.js  (0ms)  (pid 9878)
Compiled user_song_uploads.js  (0ms)  (pid 9878)
Compiled application.js  (928ms)  (pid 9878)
Compiled carts.css  (0ms)  (pid 9878)
Compiled events.css  (14ms)  (pid 9878)
Compiled fan_bases.css  (0ms)  (pid 9878)
Compiled jplayer.blue.monday.css  (0ms)  (pid 9878)
Compiled line_items.css  (1ms)  (pid 9878)
Compiled master_songs.css  (0ms)  (pid 9878)
Compiled pages.css  (0ms)  (pid 9878)
Compiled labels.css  (0ms)  (pid 9878)
Compiled searches.css  (0ms)  (pid 9878)
Compiled user_access_requests.css  (0ms)  (pid 9878)
Compiled user_song_uploads.css  (0ms)  (pid 9878)
Compiled users.css  (0ms)  (pid 9878)
Compiled devise.css  (0ms)  (pid 9878)
Compiled bootstrap_and_overrides.css  (1091ms)  (pid 9878)
Compiled jquery.fileupload-ui.css  (0ms)  (pid 9878)
Compiled application.css  (1309ms)  (pid 9878)
Compiled jquery.js  (2ms)  (pid 9929)
Compiled jquery_ujs.js  (0ms)  (pid 9929)
Compiled jquery-ui.js  (4ms)  (pid 9929)
Compiled jquery.fileupload.js  (0ms)  (pid 9929)
Compiled jquery.fileupload-fp.js  (0ms)  (pid 9929)
Compiled jquery.fileupload-ui.js  (0ms)  (pid 9929)
Compiled jquery.ui.widget.js  (0ms)  (pid 9929)
Compiled jquery.iframe-transport.js  (0ms)  (pid 9929)
Compiled jquery_ujs_multipart_xhr.js  (0ms)  (pid 9929)
Compiled locale.js  (0ms)  (pid 9929)
Compiled main.js  (0ms)  (pid 9929)
Compiled jquery.jplayer.min.js  (0ms)  (pid 9929)
Compiled jplayer.playlist.min.js  (0ms)  (pid 9929)
Compiled twitter/bootstrap/bootstrap-transition.js  (0ms)  (pid 9929)
Compiled twitter/bootstrap/bootstrap-alert.js  (0ms)  (pid 9929)
Compiled twitter/bootstrap/bootstrap-modal.js  (0ms)  (pid 9929)
Compiled twitter/bootstrap/bootstrap-dropdown.js  (0ms)  (pid 9929)
Compiled twitter/bootstrap/bootstrap-scrollspy.js  (0ms)  (pid 9929)
Compiled twitter/bootstrap/bootstrap-tab.js  (0ms)  (pid 9929)
Compiled twitter/bootstrap/bootstrap-tooltip.js  (0ms)  (pid 9929)
Compiled twitter/bootstrap/bootstrap-popover.js  (0ms)  (pid 9929)
Compiled twitter/bootstrap/bootstrap-button.js  (0ms)  (pid 9929)
Compiled twitter/bootstrap/bootstrap-collapse.js  (0ms)  (pid 9929)
Compiled twitter/bootstrap/bootstrap-carousel.js  (0ms)  (pid 9929)
Compiled twitter/bootstrap/bootstrap-typeahead.js  (0ms)  (pid 9929)
Compiled twitter/bootstrap.js  (180ms)  (pid 9929)
Compiled jquery_nested_form.js  (0ms)  (pid 9929)
Compiled jquery.sausage.js  (0ms)  (pid 9929)
Compiled active_admin.js  (0ms)  (pid 9929)
Compiled album_tracks.js  (79ms)  (pid 9929)
Compiled albums.js  (1ms)  (pid 9929)
Compiled bootstrap.js  (4ms)  (pid 9929)
Compiled carts.js  (1ms)  (pid 9929)
Compiled events.js  (0ms)  (pid 9929)
Compiled fan_bases.js  (0ms)  (pid 9929)
Compiled jquery.js_message.js  (0ms)  (pid 9929)
Compiled jquery.postmessage-transport.js  (0ms)  (pid 9929)
Compiled jquery.xdr-transport.js  (0ms)  (pid 9929)
Compiled labels.js  (0ms)  (pid 9929)
Compiled line_items.js  (0ms)  (pid 9929)
Compiled master_song_comments.js  (0ms)  (pid 9929)
Compiled master_song_relationships.js  (0ms)  (pid 9929)
Compiled master_songs.js  (0ms)  (pid 9929)
Compiled nested_form.js  (0ms)  (pid 9929)
Compiled omniauth_callbacks.js  (0ms)  (pid 9929)
Compiled pages.js  (0ms)  (pid 9929)
Compiled searches.js  (0ms)  (pid 9929)
Compiled song_up_votes.js  (0ms)  (pid 9929)
Compiled tmpl.min.js  (0ms)  (pid 9929)
Compiled user_song_uploads.js  (0ms)  (pid 9929)
Compiled application.js  (674ms)  (pid 9929)
Compiled carts.css  (0ms)  (pid 9929)
Compiled events.css  (11ms)  (pid 9929)
Compiled fan_bases.css  (0ms)  (pid 9929)
Compiled jplayer.blue.monday.css  (0ms)  (pid 9929)
Compiled line_items.css  (1ms)  (pid 9929)
Compiled master_songs.css  (0ms)  (pid 9929)
Compiled pages.css  (0ms)  (pid 9929)
Compiled labels.css  (0ms)  (pid 9929)
Compiled searches.css  (0ms)  (pid 9929)
Compiled user_access_requests.css  (0ms)  (pid 9929)
Compiled user_song_uploads.css  (0ms)  (pid 9929)
Compiled users.css  (0ms)  (pid 9929)
Compiled devise.css  (0ms)  (pid 9929)
Compiled bootstrap_and_overrides.css  (910ms)  (pid 9929)
Compiled jquery.fileupload-ui.css  (0ms)  (pid 9929)
Compiled application.css  (1119ms)  (pid 9929)
Compiled jquery.js  (3ms)  (pid 9956)
Compiled jquery_ujs.js  (0ms)  (pid 9956)
Compiled jquery-ui.js  (5ms)  (pid 9956)
Compiled jquery.fileupload.js  (1ms)  (pid 9956)
Compiled jquery.fileupload-fp.js  (0ms)  (pid 9956)
Compiled jquery.fileupload-ui.js  (0ms)  (pid 9956)
Compiled jquery.ui.widget.js  (0ms)  (pid 9956)
Compiled jquery.iframe-transport.js  (0ms)  (pid 9956)
Compiled jquery_ujs_multipart_xhr.js  (0ms)  (pid 9956)
Compiled locale.js  (0ms)  (pid 9956)
Compiled main.js  (0ms)  (pid 9956)
Compiled jquery.jplayer.min.js  (0ms)  (pid 9956)
Compiled jplayer.playlist.min.js  (0ms)  (pid 9956)
Compiled twitter/bootstrap/bootstrap-transition.js  (0ms)  (pid 9956)
Compiled twitter/bootstrap/bootstrap-alert.js  (0ms)  (pid 9956)
Compiled twitter/bootstrap/bootstrap-modal.js  (0ms)  (pid 9956)
Compiled twitter/bootstrap/bootstrap-dropdown.js  (0ms)  (pid 9956)
Compiled twitter/bootstrap/bootstrap-scrollspy.js  (0ms)  (pid 9956)
Compiled twitter/bootstrap/bootstrap-tab.js  (0ms)  (pid 9956)
Compiled twitter/bootstrap/bootstrap-tooltip.js  (0ms)  (pid 9956)
Compiled twitter/bootstrap/bootstrap-popover.js  (0ms)  (pid 9956)
Compiled twitter/bootstrap/bootstrap-button.js  (0ms)  (pid 9956)
Compiled twitter/bootstrap/bootstrap-collapse.js  (0ms)  (pid 9956)
Compiled twitter/bootstrap/bootstrap-carousel.js  (0ms)  (pid 9956)
Compiled twitter/bootstrap/bootstrap-typeahead.js  (0ms)  (pid 9956)
Compiled twitter/bootstrap.js  (224ms)  (pid 9956)
Compiled jquery_nested_form.js  (0ms)  (pid 9956)
Compiled jquery.sausage.js  (0ms)  (pid 9956)
Compiled active_admin.js  (0ms)  (pid 9956)
Compiled album_tracks.js  (110ms)  (pid 9956)
Compiled albums.js  (1ms)  (pid 9956)
Compiled bootstrap.js  (4ms)  (pid 9956)
Compiled carts.js  (0ms)  (pid 9956)
Compiled events.js  (0ms)  (pid 9956)
Compiled fan_bases.js  (0ms)  (pid 9956)
Compiled jquery.js_message.js  (0ms)  (pid 9956)
Compiled jquery.postmessage-transport.js  (0ms)  (pid 9956)
Compiled jquery.xdr-transport.js  (0ms)  (pid 9956)
Compiled labels.js  (0ms)  (pid 9956)
Compiled line_items.js  (0ms)  (pid 9956)
Compiled master_song_comments.js  (0ms)  (pid 9956)
Compiled master_song_relationships.js  (0ms)  (pid 9956)
Compiled master_songs.js  (0ms)  (pid 9956)
Compiled nested_form.js  (0ms)  (pid 9956)
Compiled omniauth_callbacks.js  (0ms)  (pid 9956)
Compiled pages.js  (0ms)  (pid 9956)
Compiled searches.js  (0ms)  (pid 9956)
Compiled song_up_votes.js  (0ms)  (pid 9956)
Compiled tmpl.min.js  (0ms)  (pid 9956)
Compiled user_song_uploads.js  (0ms)  (pid 9956)
Compiled application.js  (932ms)  (pid 9956)
Compiled carts.css  (0ms)  (pid 9956)
Compiled events.css  (14ms)  (pid 9956)
Compiled fan_bases.css  (0ms)  (pid 9956)
Compiled jplayer.blue.monday.css  (0ms)  (pid 9956)
Compiled line_items.css  (2ms)  (pid 9956)
Compiled master_songs.css  (0ms)  (pid 9956)
Compiled pages.css  (0ms)  (pid 9956)
Compiled labels.css  (0ms)  (pid 9956)
Compiled searches.css  (0ms)  (pid 9956)
Compiled user_access_requests.css  (0ms)  (pid 9956)
Compiled user_song_uploads.css  (0ms)  (pid 9956)
Compiled users.css  (0ms)  (pid 9956)
Compiled devise.css  (0ms)  (pid 9956)
Compiled bootstrap_and_overrides.css  (895ms)  (pid 9956)
Compiled jquery.fileupload-ui.css  (0ms)  (pid 9956)
Compiled application.css  (1169ms)  (pid 9956)
Compiled jquery.js  (2ms)  (pid 10104)
Compiled jquery_ujs.js  (0ms)  (pid 10104)
Compiled jquery-ui.js  (3ms)  (pid 10104)
Compiled jquery.fileupload.js  (0ms)  (pid 10104)
Compiled jquery.fileupload-fp.js  (0ms)  (pid 10104)
Compiled jquery.fileupload-ui.js  (0ms)  (pid 10104)
Compiled jquery.ui.widget.js  (0ms)  (pid 10104)
Compiled jquery.iframe-transport.js  (0ms)  (pid 10104)
Compiled jquery_ujs_multipart_xhr.js  (0ms)  (pid 10104)
Compiled locale.js  (0ms)  (pid 10104)
Compiled main.js  (0ms)  (pid 10104)
Compiled jquery.jplayer.min.js  (0ms)  (pid 10104)
Compiled jplayer.playlist.min.js  (0ms)  (pid 10104)
Compiled twitter/bootstrap/bootstrap-transition.js  (0ms)  (pid 10104)
Compiled twitter/bootstrap/bootstrap-alert.js  (0ms)  (pid 10104)
Compiled twitter/bootstrap/bootstrap-modal.js  (0ms)  (pid 10104)
Compiled twitter/bootstrap/bootstrap-dropdown.js  (0ms)  (pid 10104)
Compiled twitter/bootstrap/bootstrap-scrollspy.js  (0ms)  (pid 10104)
Compiled twitter/bootstrap/bootstrap-tab.js  (0ms)  (pid 10104)
Compiled twitter/bootstrap/bootstrap-tooltip.js  (0ms)  (pid 10104)
Compiled twitter/bootstrap/bootstrap-popover.js  (0ms)  (pid 10104)
Compiled twitter/bootstrap/bootstrap-button.js  (0ms)  (pid 10104)
Compiled twitter/bootstrap/bootstrap-collapse.js  (0ms)  (pid 10104)
Compiled twitter/bootstrap/bootstrap-carousel.js  (0ms)  (pid 10104)
Compiled twitter/bootstrap/bootstrap-typeahead.js  (0ms)  (pid 10104)
Compiled twitter/bootstrap.js  (174ms)  (pid 10104)
Compiled jquery_nested_form.js  (0ms)  (pid 10104)
Compiled jquery.sausage.js  (0ms)  (pid 10104)
Compiled active_admin.js  (0ms)  (pid 10104)
Compiled album_tracks.js  (69ms)  (pid 10104)
Compiled albums.js  (1ms)  (pid 10104)
Compiled bootstrap.js  (4ms)  (pid 10104)
Compiled carts.js  (0ms)  (pid 10104)
Compiled events.js  (0ms)  (pid 10104)
Compiled fan_bases.js  (0ms)  (pid 10104)
Compiled jquery.js_message.js  (0ms)  (pid 10104)
Compiled jquery.postmessage-transport.js  (0ms)  (pid 10104)
Compiled jquery.xdr-transport.js  (0ms)  (pid 10104)
Compiled labels.js  (0ms)  (pid 10104)
Compiled line_items.js  (0ms)  (pid 10104)
Compiled master_song_comments.js  (0ms)  (pid 10104)
Compiled master_song_relationships.js  (0ms)  (pid 10104)
Compiled master_songs.js  (0ms)  (pid 10104)
Compiled nested_form.js  (0ms)  (pid 10104)
Compiled omniauth_callbacks.js  (0ms)  (pid 10104)
Compiled pages.js  (0ms)  (pid 10104)
Compiled searches.js  (0ms)  (pid 10104)
Compiled song_up_votes.js  (0ms)  (pid 10104)
Compiled tmpl.min.js  (0ms)  (pid 10104)
Compiled user_song_uploads.js  (0ms)  (pid 10104)
Compiled application.js  (633ms)  (pid 10104)
Compiled carts.css  (0ms)  (pid 10104)
Compiled events.css  (36ms)  (pid 10104)
Compiled fan_bases.css  (0ms)  (pid 10104)
Compiled jplayer.blue.monday.css  (0ms)  (pid 10104)
Compiled line_items.css  (2ms)  (pid 10104)
Compiled master_songs.css  (0ms)  (pid 10104)
Compiled pages.css  (0ms)  (pid 10104)
Compiled labels.css  (0ms)  (pid 10104)
Compiled searches.css  (0ms)  (pid 10104)
Compiled user_access_requests.css  (0ms)  (pid 10104)
Compiled user_song_uploads.css  (0ms)  (pid 10104)
Compiled users.css  (0ms)  (pid 10104)
Compiled devise.css  (0ms)  (pid 10104)
Compiled bootstrap_and_overrides.css  (894ms)  (pid 10104)
Compiled jquery.fileupload-ui.css  (0ms)  (pid 10104)
Compiled application.css  (1236ms)  (pid 10104)
Compiled jquery.js  (2ms)  (pid 10120)
Compiled jquery_ujs.js  (0ms)  (pid 10120)
Compiled jquery-ui.js  (3ms)  (pid 10120)
Compiled jquery.fileupload.js  (0ms)  (pid 10120)
Compiled jquery.fileupload-fp.js  (0ms)  (pid 10120)
Compiled jquery.fileupload-ui.js  (0ms)  (pid 10120)
Compiled jquery.ui.widget.js  (0ms)  (pid 10120)
Compiled jquery.iframe-transport.js  (0ms)  (pid 10120)
Compiled jquery_ujs_multipart_xhr.js  (0ms)  (pid 10120)
Compiled locale.js  (0ms)  (pid 10120)
Compiled main.js  (0ms)  (pid 10120)
Compiled jquery.jplayer.min.js  (0ms)  (pid 10120)
Compiled jplayer.playlist.min.js  (0ms)  (pid 10120)
Compiled twitter/bootstrap/bootstrap-transition.js  (0ms)  (pid 10120)
Compiled twitter/bootstrap/bootstrap-alert.js  (0ms)  (pid 10120)
Compiled twitter/bootstrap/bootstrap-modal.js  (0ms)  (pid 10120)
Compiled twitter/bootstrap/bootstrap-dropdown.js  (0ms)  (pid 10120)
Compiled twitter/bootstrap/bootstrap-scrollspy.js  (0ms)  (pid 10120)
Compiled twitter/bootstrap/bootstrap-tab.js  (0ms)  (pid 10120)
Compiled twitter/bootstrap/bootstrap-tooltip.js  (0ms)  (pid 10120)
Compiled twitter/bootstrap/bootstrap-popover.js  (0ms)  (pid 10120)
Compiled twitter/bootstrap/bootstrap-button.js  (0ms)  (pid 10120)
Compiled twitter/bootstrap/bootstrap-collapse.js  (0ms)  (pid 10120)
Compiled twitter/bootstrap/bootstrap-carousel.js  (1ms)  (pid 10120)
Compiled twitter/bootstrap/bootstrap-typeahead.js  (0ms)  (pid 10120)
Compiled twitter/bootstrap.js  (189ms)  (pid 10120)
Compiled jquery_nested_form.js  (0ms)  (pid 10120)
Compiled jquery.sausage.js  (0ms)  (pid 10120)
Compiled active_admin.js  (0ms)  (pid 10120)
Compiled album_tracks.js  (68ms)  (pid 10120)
Compiled albums.js  (0ms)  (pid 10120)
Compiled bootstrap.js  (4ms)  (pid 10120)
Compiled carts.js  (0ms)  (pid 10120)
Compiled events.js  (0ms)  (pid 10120)
Compiled fan_bases.js  (0ms)  (pid 10120)
Compiled jquery.js_message.js  (0ms)  (pid 10120)
Compiled jquery.postmessage-transport.js  (0ms)  (pid 10120)
Compiled jquery.xdr-transport.js  (0ms)  (pid 10120)
Compiled labels.js  (0ms)  (pid 10120)
Compiled line_items.js  (0ms)  (pid 10120)
Compiled master_song_comments.js  (0ms)  (pid 10120)
Compiled master_song_relationships.js  (0ms)  (pid 10120)
Compiled master_songs.js  (0ms)  (pid 10120)
Compiled nested_form.js  (0ms)  (pid 10120)
Compiled omniauth_callbacks.js  (0ms)  (pid 10120)
Compiled pages.js  (0ms)  (pid 10120)
Compiled searches.js  (0ms)  (pid 10120)
Compiled song_up_votes.js  (0ms)  (pid 10120)
Compiled tmpl.min.js  (0ms)  (pid 10120)
Compiled user_song_uploads.js  (0ms)  (pid 10120)
Compiled application.js  (665ms)  (pid 10120)
Compiled carts.css  (0ms)  (pid 10120)
Compiled events.css  (1ms)  (pid 10120)
Compiled fan_bases.css  (0ms)  (pid 10120)
Compiled jplayer.blue.monday.css  (0ms)  (pid 10120)
Compiled line_items.css  (1ms)  (pid 10120)
Compiled master_songs.css  (0ms)  (pid 10120)
Compiled pages.css  (0ms)  (pid 10120)
Compiled labels.css  (0ms)  (pid 10120)
Compiled searches.css  (0ms)  (pid 10120)
Compiled user_access_requests.css  (0ms)  (pid 10120)
Compiled user_song_uploads.css  (0ms)  (pid 10120)
Compiled users.css  (0ms)  (pid 10120)
Compiled devise.css  (0ms)  (pid 10120)
Compiled bootstrap_and_overrides.css  (1042ms)  (pid 10120)
Compiled jquery.fileupload-ui.css  (0ms)  (pid 10120)
Compiled application.css  (1301ms)  (pid 10120)
Compiled jquery.js  (2ms)  (pid 12470)
Compiled jquery_ujs.js  (0ms)  (pid 12470)
Compiled jquery-ui.js  (4ms)  (pid 12470)
Compiled jquery.fileupload.js  (1ms)  (pid 12470)
Compiled jquery.fileupload-fp.js  (0ms)  (pid 12470)
Compiled jquery.fileupload-ui.js  (0ms)  (pid 12470)
Compiled jquery.ui.widget.js  (0ms)  (pid 12470)
Compiled jquery.iframe-transport.js  (0ms)  (pid 12470)
Compiled jquery_ujs_multipart_xhr.js  (0ms)  (pid 12470)
Compiled locale.js  (0ms)  (pid 12470)
Compiled main.js  (0ms)  (pid 12470)
Compiled jquery.jplayer.min.js  (0ms)  (pid 12470)
Compiled jplayer.playlist.min.js  (0ms)  (pid 12470)
Compiled twitter/bootstrap/bootstrap-transition.js  (0ms)  (pid 12470)
Compiled twitter/bootstrap/bootstrap-alert.js  (0ms)  (pid 12470)
Compiled twitter/bootstrap/bootstrap-modal.js  (0ms)  (pid 12470)
Compiled twitter/bootstrap/bootstrap-dropdown.js  (0ms)  (pid 12470)
Compiled twitter/bootstrap/bootstrap-scrollspy.js  (0ms)  (pid 12470)
Compiled twitter/bootstrap/bootstrap-tab.js  (0ms)  (pid 12470)
Compiled twitter/bootstrap/bootstrap-tooltip.js  (0ms)  (pid 12470)
Compiled twitter/bootstrap/bootstrap-popover.js  (0ms)  (pid 12470)
Compiled twitter/bootstrap/bootstrap-button.js  (0ms)  (pid 12470)
Compiled twitter/bootstrap/bootstrap-collapse.js  (0ms)  (pid 12470)
Compiled twitter/bootstrap/bootstrap-carousel.js  (0ms)  (pid 12470)
Compiled twitter/bootstrap/bootstrap-typeahead.js  (0ms)  (pid 12470)
Compiled twitter/bootstrap.js  (125ms)  (pid 12470)
Compiled jquery_nested_form.js  (0ms)  (pid 12470)
Compiled jquery.sausage.js  (0ms)  (pid 12470)
Compiled active_admin.js  (0ms)  (pid 12470)
Compiled album_tracks.js  (98ms)  (pid 12470)
Compiled albums.js  (1ms)  (pid 12470)
Compiled bootstrap.js  (4ms)  (pid 12470)
Compiled carts.js  (0ms)  (pid 12470)
Compiled events.js  (0ms)  (pid 12470)
Compiled fan_bases.js  (0ms)  (pid 12470)
Compiled jquery.js_message.js  (0ms)  (pid 12470)
Compiled jquery.postmessage-transport.js  (0ms)  (pid 12470)
Compiled jquery.xdr-transport.js  (0ms)  (pid 12470)
Compiled labels.js  (0ms)  (pid 12470)
Compiled line_items.js  (0ms)  (pid 12470)
Compiled master_song_comments.js  (0ms)  (pid 12470)
Compiled master_song_relationships.js  (0ms)  (pid 12470)
Compiled master_songs.js  (0ms)  (pid 12470)
Compiled nested_form.js  (0ms)  (pid 12470)
Compiled omniauth_callbacks.js  (0ms)  (pid 12470)
Compiled pages.js  (0ms)  (pid 12470)
Compiled searches.js  (0ms)  (pid 12470)
Compiled song_up_votes.js  (0ms)  (pid 12470)
Compiled tmpl.min.js  (0ms)  (pid 12470)
Compiled user_song_uploads.js  (0ms)  (pid 12470)
Compiled application.js  (639ms)  (pid 12470)
Compiled carts.css  (0ms)  (pid 12470)
Compiled events.css  (0ms)  (pid 12470)
Compiled fan_bases.css  (0ms)  (pid 12470)
Compiled jplayer.blue.monday.css  (0ms)  (pid 12470)
Compiled line_items.css  (0ms)  (pid 12470)
Compiled master_songs.css  (0ms)  (pid 12470)
Compiled pages.css  (0ms)  (pid 12470)
Compiled labels.css  (0ms)  (pid 12470)
Compiled searches.css  (0ms)  (pid 12470)
Compiled user_access_requests.css  (0ms)  (pid 12470)
Compiled user_song_uploads.css  (0ms)  (pid 12470)
Compiled users.css  (0ms)  (pid 12470)
Compiled devise.css  (0ms)  (pid 12470)
Compiled bootstrap_and_overrides.css  (872ms)  (pid 12470)
Compiled jquery.fileupload-ui.css  (0ms)  (pid 12470)
Compiled application.css  (1015ms)  (pid 12470)
Compiled jquery.js  (36ms)  (pid 12470)
Compiled jquery_ujs.js  (0ms)  (pid 12470)
Compiled jquery-ui.js  (3ms)  (pid 12470)
Compiled jquery.fileupload.js  (27ms)  (pid 12470)
Compiled jquery.fileupload-fp.js  (0ms)  (pid 12470)
Compiled jquery.fileupload-ui.js  (0ms)  (pid 12470)
Compiled jquery.ui.widget.js  (0ms)  (pid 12470)
Compiled jquery.iframe-transport.js  (0ms)  (pid 12470)
Compiled jquery_ujs_multipart_xhr.js  (0ms)  (pid 12470)
Compiled locale.js  (0ms)  (pid 12470)
Compiled main.js  (0ms)  (pid 12470)
Compiled jquery.jplayer.min.js  (0ms)  (pid 12470)
Compiled jplayer.playlist.min.js  (0ms)  (pid 12470)
Compiled twitter/bootstrap/bootstrap-transition.js  (0ms)  (pid 12470)
Compiled twitter/bootstrap/bootstrap-alert.js  (0ms)  (pid 12470)
Compiled twitter/bootstrap/bootstrap-modal.js  (0ms)  (pid 12470)
Compiled twitter/bootstrap/bootstrap-dropdown.js  (0ms)  (pid 12470)
Compiled twitter/bootstrap/bootstrap-scrollspy.js  (0ms)  (pid 12470)
Compiled twitter/bootstrap/bootstrap-tab.js  (0ms)  (pid 12470)
Compiled twitter/bootstrap/bootstrap-tooltip.js  (0ms)  (pid 12470)
Compiled twitter/bootstrap/bootstrap-popover.js  (0ms)  (pid 12470)
Compiled twitter/bootstrap/bootstrap-button.js  (0ms)  (pid 12470)
Compiled twitter/bootstrap/bootstrap-collapse.js  (0ms)  (pid 12470)
Compiled twitter/bootstrap/bootstrap-carousel.js  (0ms)  (pid 12470)
Compiled twitter/bootstrap/bootstrap-typeahead.js  (0ms)  (pid 12470)
Compiled twitter/bootstrap.js  (117ms)  (pid 12470)
Compiled jquery_nested_form.js  (0ms)  (pid 12470)
Compiled jquery.sausage.js  (0ms)  (pid 12470)
Compiled active_admin.js  (0ms)  (pid 12470)
Compiled album_tracks.js  (70ms)  (pid 12470)
Compiled albums.js  (0ms)  (pid 12470)
Compiled bootstrap.js  (4ms)  (pid 12470)
Compiled carts.js  (0ms)  (pid 12470)
Compiled events.js  (0ms)  (pid 12470)
Compiled fan_bases.js  (0ms)  (pid 12470)
Compiled jquery.js_message.js  (0ms)  (pid 12470)
Compiled jquery.postmessage-transport.js  (1ms)  (pid 12470)
Compiled jquery.xdr-transport.js  (0ms)  (pid 12470)
Compiled labels.js  (0ms)  (pid 12470)
Compiled line_items.js  (0ms)  (pid 12470)
Compiled master_song_comments.js  (0ms)  (pid 12470)
Compiled master_song_relationships.js  (0ms)  (pid 12470)
Compiled master_songs.js  (0ms)  (pid 12470)
Compiled nested_form.js  (0ms)  (pid 12470)
Compiled omniauth_callbacks.js  (0ms)  (pid 12470)
Compiled pages.js  (0ms)  (pid 12470)
Compiled searches.js  (0ms)  (pid 12470)
Compiled song_up_votes.js  (0ms)  (pid 12470)
Compiled tmpl.min.js  (0ms)  (pid 12470)
Compiled user_song_uploads.js  (0ms)  (pid 12470)
Compiled application.js  (598ms)  (pid 12470)
Compiled carts.css  (0ms)  (pid 12470)
Compiled events.css  (0ms)  (pid 12470)
Compiled fan_bases.css  (0ms)  (pid 12470)
Compiled jplayer.blue.monday.css  (0ms)  (pid 12470)
Compiled line_items.css  (0ms)  (pid 12470)
Compiled master_songs.css  (0ms)  (pid 12470)
Compiled pages.css  (0ms)  (pid 12470)
Compiled labels.css  (0ms)  (pid 12470)
Compiled searches.css  (0ms)  (pid 12470)
Compiled user_access_requests.css  (0ms)  (pid 12470)
Compiled user_song_uploads.css  (0ms)  (pid 12470)
Compiled users.css  (0ms)  (pid 12470)
Compiled devise.css  (0ms)  (pid 12470)
Compiled bootstrap_and_overrides.css  (713ms)  (pid 12470)
Compiled jquery.fileupload-ui.css  (0ms)  (pid 12470)
Compiled application.css  (844ms)  (pid 12470)
Compiled jquery.js  (2ms)  (pid 23676)
Compiled jquery_ujs.js  (0ms)  (pid 23676)
Compiled jquery-ui.js  (3ms)  (pid 23676)
Compiled jquery.fileupload.js  (0ms)  (pid 23676)
Compiled jquery.fileupload-fp.js  (0ms)  (pid 23676)
Compiled jquery.fileupload-ui.js  (0ms)  (pid 23676)
Compiled jquery.ui.widget.js  (0ms)  (pid 23676)
Compiled jquery.iframe-transport.js  (0ms)  (pid 23676)
Compiled jquery_ujs_multipart_xhr.js  (0ms)  (pid 23676)
Compiled locale.js  (0ms)  (pid 23676)
Compiled main.js  (0ms)  (pid 23676)
Compiled jquery.jplayer.min.js  (0ms)  (pid 23676)
Compiled jplayer.playlist.min.js  (0ms)  (pid 23676)
Compiled twitter/bootstrap/bootstrap-transition.js  (0ms)  (pid 23676)
Compiled twitter/bootstrap/bootstrap-alert.js  (0ms)  (pid 23676)
Compiled twitter/bootstrap/bootstrap-modal.js  (0ms)  (pid 23676)
Compiled twitter/bootstrap/bootstrap-dropdown.js  (0ms)  (pid 23676)
Compiled twitter/bootstrap/bootstrap-scrollspy.js  (0ms)  (pid 23676)
Compiled twitter/bootstrap/bootstrap-tab.js  (0ms)  (pid 23676)
Compiled twitter/bootstrap/bootstrap-tooltip.js  (0ms)  (pid 23676)
Compiled twitter/bootstrap/bootstrap-popover.js  (0ms)  (pid 23676)
Compiled twitter/bootstrap/bootstrap-button.js  (1ms)  (pid 23676)
Compiled twitter/bootstrap/bootstrap-collapse.js  (0ms)  (pid 23676)
Compiled twitter/bootstrap/bootstrap-carousel.js  (1ms)  (pid 23676)
Compiled twitter/bootstrap/bootstrap-typeahead.js  (43ms)  (pid 23676)
Compiled twitter/bootstrap.js  (162ms)  (pid 23676)
Compiled jquery_nested_form.js  (0ms)  (pid 23676)
Compiled jquery.sausage.js  (0ms)  (pid 23676)
Compiled album_tracks.js  (95ms)  (pid 23676)
Compiled albums.js  (1ms)  (pid 23676)
Compiled bootstrap.js  (5ms)  (pid 23676)
Compiled carts.js  (1ms)  (pid 23676)
Compiled events.js  (0ms)  (pid 23676)
Compiled fan_bases.js  (0ms)  (pid 23676)
Compiled jquery.js_message.js  (0ms)  (pid 23676)
Compiled jquery.postmessage-transport.js  (0ms)  (pid 23676)
Compiled jquery.xdr-transport.js  (0ms)  (pid 23676)
Compiled labels.js  (0ms)  (pid 23676)
Compiled line_items.js  (0ms)  (pid 23676)
Compiled master_song_comments.js  (0ms)  (pid 23676)
Compiled master_song_relationships.js  (0ms)  (pid 23676)
Compiled master_songs.js  (1ms)  (pid 23676)
Compiled nested_form.js  (0ms)  (pid 23676)
Compiled omniauth_callbacks.js  (0ms)  (pid 23676)
Compiled pages.js  (0ms)  (pid 23676)
Compiled searches.js  (0ms)  (pid 23676)
Compiled song_up_votes.js  (0ms)  (pid 23676)
Compiled tmpl.min.js  (0ms)  (pid 23676)
Compiled user_song_uploads.js  (0ms)  (pid 23676)
Compiled application.js  (777ms)  (pid 23676)
Compiled carts.css  (0ms)  (pid 23676)
Compiled events.css  (0ms)  (pid 23676)
Compiled fan_bases.css  (0ms)  (pid 23676)
Compiled jplayer.blue.monday.css  (0ms)  (pid 23676)
Compiled line_items.css  (0ms)  (pid 23676)
Compiled master_songs.css  (0ms)  (pid 23676)
Compiled pages.css  (0ms)  (pid 23676)
Compiled labels.css  (0ms)  (pid 23676)
Compiled searches.css  (0ms)  (pid 23676)
Compiled user_access_requests.css  (0ms)  (pid 23676)
Compiled user_song_uploads.css  (0ms)  (pid 23676)
Compiled users.css  (0ms)  (pid 23676)
Compiled devise.css  (0ms)  (pid 23676)
Compiled bootstrap_and_overrides.css  (967ms)  (pid 23676)
Compiled jquery.fileupload-ui.css  (0ms)  (pid 23676)
Compiled application.css  (1105ms)  (pid 23676)
Compiled jquery.js  (37ms)  (pid 23676)
Compiled jquery_ujs.js  (0ms)  (pid 23676)
Compiled jquery-ui.js  (3ms)  (pid 23676)
Compiled jquery.fileupload.js  (25ms)  (pid 23676)
Compiled jquery.fileupload-fp.js  (0ms)  (pid 23676)
Compiled jquery.fileupload-ui.js  (0ms)  (pid 23676)
Compiled jquery.ui.widget.js  (0ms)  (pid 23676)
Compiled jquery.iframe-transport.js  (0ms)  (pid 23676)
Compiled jquery_ujs_multipart_xhr.js  (0ms)  (pid 23676)
Compiled locale.js  (0ms)  (pid 23676)
Compiled main.js  (0ms)  (pid 23676)
Compiled jquery.jplayer.min.js  (0ms)  (pid 23676)
Compiled jplayer.playlist.min.js  (0ms)  (pid 23676)
Compiled twitter/bootstrap/bootstrap-transition.js  (0ms)  (pid 23676)
Compiled twitter/bootstrap/bootstrap-alert.js  (0ms)  (pid 23676)
Compiled twitter/bootstrap/bootstrap-modal.js  (0ms)  (pid 23676)
Compiled twitter/bootstrap/bootstrap-dropdown.js  (0ms)  (pid 23676)
Compiled twitter/bootstrap/bootstrap-scrollspy.js  (0ms)  (pid 23676)
Compiled twitter/bootstrap/bootstrap-tab.js  (0ms)  (pid 23676)
Compiled twitter/bootstrap/bootstrap-tooltip.js  (0ms)  (pid 23676)
Compiled twitter/bootstrap/bootstrap-popover.js  (0ms)  (pid 23676)
Compiled twitter/bootstrap/bootstrap-button.js  (0ms)  (pid 23676)
Compiled twitter/bootstrap/bootstrap-collapse.js  (1ms)  (pid 23676)
Compiled twitter/bootstrap/bootstrap-carousel.js  (0ms)  (pid 23676)
Compiled twitter/bootstrap/bootstrap-typeahead.js  (0ms)  (pid 23676)
Compiled twitter/bootstrap.js  (136ms)  (pid 23676)
Compiled jquery_nested_form.js  (0ms)  (pid 23676)
Compiled jquery.sausage.js  (1ms)  (pid 23676)
Compiled album_tracks.js  (104ms)  (pid 23676)
Compiled albums.js  (1ms)  (pid 23676)
Compiled bootstrap.js  (5ms)  (pid 23676)
Compiled carts.js  (1ms)  (pid 23676)
Compiled events.js  (1ms)  (pid 23676)
Compiled fan_bases.js  (1ms)  (pid 23676)
Compiled jquery.js_message.js  (0ms)  (pid 23676)
Compiled jquery.postmessage-transport.js  (0ms)  (pid 23676)
Compiled jquery.xdr-transport.js  (0ms)  (pid 23676)
Compiled labels.js  (1ms)  (pid 23676)
Compiled line_items.js  (1ms)  (pid 23676)
Compiled master_song_comments.js  (0ms)  (pid 23676)
Compiled master_song_relationships.js  (0ms)  (pid 23676)
Compiled master_songs.js  (1ms)  (pid 23676)
Compiled nested_form.js  (0ms)  (pid 23676)
Compiled omniauth_callbacks.js  (4ms)  (pid 23676)
Compiled pages.js  (0ms)  (pid 23676)
Compiled searches.js  (0ms)  (pid 23676)
Compiled song_up_votes.js  (0ms)  (pid 23676)
Compiled tmpl.min.js  (0ms)  (pid 23676)
Compiled user_song_uploads.js  (0ms)  (pid 23676)
Compiled application.js  (719ms)  (pid 23676)
Compiled carts.css  (0ms)  (pid 23676)
Compiled events.css  (0ms)  (pid 23676)
Compiled fan_bases.css  (0ms)  (pid 23676)
Compiled jplayer.blue.monday.css  (1ms)  (pid 23676)
Compiled line_items.css  (0ms)  (pid 23676)
Compiled master_songs.css  (0ms)  (pid 23676)
Compiled pages.css  (0ms)  (pid 23676)
Compiled labels.css  (0ms)  (pid 23676)
Compiled searches.css  (0ms)  (pid 23676)
Compiled user_access_requests.css  (0ms)  (pid 23676)
Compiled user_song_uploads.css  (0ms)  (pid 23676)
Compiled users.css  (6ms)  (pid 23676)
Compiled devise.css  (0ms)  (pid 23676)
Compiled bootstrap_and_overrides.css  (976ms)  (pid 23676)
Compiled jquery.fileupload-ui.css  (0ms)  (pid 23676)
Compiled application.css  (1117ms)  (pid 23676)
Compiled jquery.js  (2ms)  (pid 37742)
Compiled jquery_ujs.js  (0ms)  (pid 37742)
Compiled jquery-ui.js  (3ms)  (pid 37742)
Compiled jquery.fileupload.js  (0ms)  (pid 37742)
Compiled jquery.fileupload-fp.js  (0ms)  (pid 37742)
Compiled jquery.fileupload-ui.js  (0ms)  (pid 37742)
Compiled jquery.ui.widget.js  (0ms)  (pid 37742)
Compiled jquery.iframe-transport.js  (0ms)  (pid 37742)
Compiled jquery_ujs_multipart_xhr.js  (0ms)  (pid 37742)
Compiled locale.js  (0ms)  (pid 37742)
Compiled main.js  (0ms)  (pid 37742)
Compiled jquery.jplayer.min.js  (0ms)  (pid 37742)
Compiled jplayer.playlist.min.js  (0ms)  (pid 37742)
Compiled twitter/bootstrap/bootstrap-transition.js  (0ms)  (pid 37742)
Compiled twitter/bootstrap/bootstrap-alert.js  (0ms)  (pid 37742)
Compiled twitter/bootstrap/bootstrap-modal.js  (0ms)  (pid 37742)
Compiled twitter/bootstrap/bootstrap-dropdown.js  (0ms)  (pid 37742)
Compiled twitter/bootstrap/bootstrap-scrollspy.js  (0ms)  (pid 37742)
Compiled twitter/bootstrap/bootstrap-tab.js  (0ms)  (pid 37742)
Compiled twitter/bootstrap/bootstrap-tooltip.js  (0ms)  (pid 37742)
Compiled twitter/bootstrap/bootstrap-popover.js  (0ms)  (pid 37742)
Compiled twitter/bootstrap/bootstrap-button.js  (0ms)  (pid 37742)
Compiled twitter/bootstrap/bootstrap-collapse.js  (0ms)  (pid 37742)
Compiled twitter/bootstrap/bootstrap-carousel.js  (0ms)  (pid 37742)
Compiled twitter/bootstrap/bootstrap-typeahead.js  (0ms)  (pid 37742)
Compiled twitter/bootstrap.js  (124ms)  (pid 37742)
Compiled jquery_nested_form.js  (0ms)  (pid 37742)
Compiled jquery.sausage.js  (0ms)  (pid 37742)
Compiled album_tracks.js  (76ms)  (pid 37742)
Compiled albums.js  (1ms)  (pid 37742)
Compiled bootstrap.js  (4ms)  (pid 37742)
Compiled carts.js  (0ms)  (pid 37742)
Compiled events.js  (0ms)  (pid 37742)
Compiled fan_bases.js  (0ms)  (pid 37742)
Compiled jquery.js_message.js  (0ms)  (pid 37742)
Compiled jquery.postmessage-transport.js  (0ms)  (pid 37742)
Compiled jquery.xdr-transport.js  (0ms)  (pid 37742)
Compiled labels.js  (0ms)  (pid 37742)
Compiled line_items.js  (0ms)  (pid 37742)
Compiled master_song_comments.js  (0ms)  (pid 37742)
Compiled master_song_relationships.js  (0ms)  (pid 37742)
Compiled master_songs.js  (0ms)  (pid 37742)
Compiled nested_form.js  (0ms)  (pid 37742)
Compiled omniauth_callbacks.js  (0ms)  (pid 37742)
Compiled pages.js  (0ms)  (pid 37742)
Compiled searches.js  (0ms)  (pid 37742)
Compiled song_up_votes.js  (0ms)  (pid 37742)
Compiled tmpl.min.js  (0ms)  (pid 37742)
Compiled user_song_uploads.js  (0ms)  (pid 37742)
Compiled application.js  (596ms)  (pid 37742)
Compiled carts.css  (0ms)  (pid 37742)
Compiled events.css  (0ms)  (pid 37742)
Compiled fan_bases.css  (0ms)  (pid 37742)
Compiled jplayer.blue.monday.css  (0ms)  (pid 37742)
Compiled line_items.css  (0ms)  (pid 37742)
Compiled master_songs.css  (0ms)  (pid 37742)
Compiled pages.css  (0ms)  (pid 37742)
Compiled labels.css  (0ms)  (pid 37742)
Compiled searches.css  (0ms)  (pid 37742)
Compiled user_access_requests.css  (0ms)  (pid 37742)
Compiled user_song_uploads.css  (0ms)  (pid 37742)
Compiled users.css  (0ms)  (pid 37742)
Compiled devise.css  (0ms)  (pid 37742)
Compiled bootstrap_and_overrides.css  (1294ms)  (pid 37742)
Compiled jquery.fileupload-ui.css  (0ms)  (pid 37742)
Compiled application.css  (1453ms)  (pid 37742)
Compiled jquery.js  (3ms)  (pid 37742)
Compiled jquery_ujs.js  (0ms)  (pid 37742)
Compiled jquery-ui.js  (5ms)  (pid 37742)
Compiled jquery.fileupload.js  (1ms)  (pid 37742)
Compiled jquery.fileupload-fp.js  (0ms)  (pid 37742)
Compiled jquery.fileupload-ui.js  (0ms)  (pid 37742)
Compiled jquery.ui.widget.js  (0ms)  (pid 37742)
Compiled jquery.iframe-transport.js  (0ms)  (pid 37742)
Compiled jquery_ujs_multipart_xhr.js  (0ms)  (pid 37742)
Compiled locale.js  (0ms)  (pid 37742)
Compiled main.js  (1ms)  (pid 37742)
Compiled jquery.jplayer.min.js  (0ms)  (pid 37742)
Compiled jplayer.playlist.min.js  (0ms)  (pid 37742)
Compiled twitter/bootstrap/bootstrap-transition.js  (0ms)  (pid 37742)
Compiled twitter/bootstrap/bootstrap-alert.js  (0ms)  (pid 37742)
Compiled twitter/bootstrap/bootstrap-modal.js  (0ms)  (pid 37742)
Compiled twitter/bootstrap/bootstrap-dropdown.js  (0ms)  (pid 37742)
Compiled twitter/bootstrap/bootstrap-scrollspy.js  (0ms)  (pid 37742)
Compiled twitter/bootstrap/bootstrap-tab.js  (0ms)  (pid 37742)
Compiled twitter/bootstrap/bootstrap-tooltip.js  (0ms)  (pid 37742)
Compiled twitter/bootstrap/bootstrap-popover.js  (0ms)  (pid 37742)
Compiled twitter/bootstrap/bootstrap-button.js  (0ms)  (pid 37742)
Compiled twitter/bootstrap/bootstrap-collapse.js  (0ms)  (pid 37742)
Compiled twitter/bootstrap/bootstrap-carousel.js  (0ms)  (pid 37742)
Compiled twitter/bootstrap/bootstrap-typeahead.js  (0ms)  (pid 37742)
Compiled twitter/bootstrap.js  (152ms)  (pid 37742)
Compiled jquery_nested_form.js  (0ms)  (pid 37742)
Compiled jquery.sausage.js  (0ms)  (pid 37742)
Compiled album_tracks.js  (90ms)  (pid 37742)
Compiled albums.js  (1ms)  (pid 37742)
Compiled bootstrap.js  (5ms)  (pid 37742)
Compiled carts.js  (0ms)  (pid 37742)
Compiled events.js  (0ms)  (pid 37742)
Compiled fan_bases.js  (0ms)  (pid 37742)
Compiled jquery.js_message.js  (0ms)  (pid 37742)
Compiled jquery.postmessage-transport.js  (0ms)  (pid 37742)
Compiled jquery.xdr-transport.js  (0ms)  (pid 37742)
Compiled labels.js  (0ms)  (pid 37742)
Compiled line_items.js  (0ms)  (pid 37742)
Compiled master_song_comments.js  (0ms)  (pid 37742)
Compiled master_song_relationships.js  (0ms)  (pid 37742)
Compiled master_songs.js  (0ms)  (pid 37742)
Compiled nested_form.js  (0ms)  (pid 37742)
Compiled omniauth_callbacks.js  (0ms)  (pid 37742)
Compiled pages.js  (0ms)  (pid 37742)
Compiled searches.js  (0ms)  (pid 37742)
Compiled song_up_votes.js  (0ms)  (pid 37742)
Compiled tmpl.min.js  (0ms)  (pid 37742)
Compiled user_song_uploads.js  (0ms)  (pid 37742)
Compiled application.js  (755ms)  (pid 37742)
Compiled carts.css  (0ms)  (pid 37742)
Compiled events.css  (0ms)  (pid 37742)
Compiled fan_bases.css  (0ms)  (pid 37742)
Compiled jplayer.blue.monday.css  (0ms)  (pid 37742)
Compiled line_items.css  (0ms)  (pid 37742)
Compiled master_songs.css  (0ms)  (pid 37742)
Compiled pages.css  (0ms)  (pid 37742)
Compiled labels.css  (0ms)  (pid 37742)
Compiled searches.css  (0ms)  (pid 37742)
Compiled user_access_requests.css  (0ms)  (pid 37742)
Compiled user_song_uploads.css  (0ms)  (pid 37742)
Compiled users.css  (0ms)  (pid 37742)
Compiled devise.css  (0ms)  (pid 37742)
Compiled bootstrap_and_overrides.css  (1140ms)  (pid 37742)
Compiled jquery.fileupload-ui.css  (0ms)  (pid 37742)
Compiled application.css  (1278ms)  (pid 37742)
